2022-05-26 : Version on Website 3.1.1 du 2022-02-18
2022-05-26 : Version in Database 1.0.1 du 2022-01-01
2022-05-26 : Save in Database 3.1.1 du 2022-02-18
2022-05-26 : Mail sent Date: Thu, 26 May 2022 20:25:03 +0200
From: christophe126@gmail.com
To: mederic.mesle@gmail.com
Message-ID: <628fc5ffd9ce4_93c3f28594c@imac-de-christophe-1.home.mail>
Subject: Ruby Checker Version for Ouvrages by Christophe 126
Mime-Version: 1.0
Content-Type: text/plain;
 charset=UTF-8
Content-Transfer-Encoding: 7bit

Welcome to : Ruby Checker Version Application by christophe126
==============================================================
New version Ruby 3.1.1 is release on 2022-02-18

Thanks for joining and have a great day!

-----------------------------------------------------------
2022-05-26 : Version on Website 3.1.1 du 2022-02-18
2022-05-26 : Version in Database 3.1.1 du 2022-02-18
2022-05-26 : Pas de nouvelle version
-----------------------------------------------------------
